<?xml version="1.0" encoding="UTF-8"?>
<testsuite name="com.efimchick.ifmo.web.jdbc.RowMapperTest" tests="2" skipped="0" failures="0" errors="0" timestamp="2019-12-16T17:16:19" hostname="DESKTOP-1BFN5TC" time="0.326">
  <properties/>
  <testcase name="employeeMapRowSingleTest" classname="com.efimchick.ifmo.web.jdbc.RowMapperTest" time="0.018"/>
  <testcase name="employeeMapRowAllTest" classname="com.efimchick.ifmo.web.jdbc.RowMapperTest" time="0.308"/>
  <system-out><![CDATA[]]></system-out>
  <system-err><![CDATA[]]></system-err>
</testsuite>
